# JRE version: Java(TM) SE Runtime Environment (8.0_281-b09) (build 1.8.0_281-b09)
# Java VM: Java HotSpot(TM) 64-Bit Server VM (25.281-b09 mixed mode windows-amd64 compressed oops)
Heap:
 PSYoungGen      total 2605568K, used 1566876K [0x0000000715700000, 0x00000007b8880000, 0x00000007c0000000)
  eden space 2582016K, 59% used [0x0000000715700000,0x0000000773a29c00,0x00000007b3080000)
  from space 23552K, 99% used [0x00000007b7180000,0x00000007b887d658,0x00000007b8880000)
  to   space 29696K, 0% used [0x00000007b4e80000,0x00000007b4e80000,0x00000007b6b80000)
 ParOldGen       total 388096K, used 71537K [0x00000005c0400000, 0x00000005d7f00000, 0x0000000715700000)
  object space 388096K, 18% used [0x00000005c0400000,0x00000005c49dc6d8,0x00000005d7f00000)
 Metaspace       used 83136K, capacity 90900K, committed 90920K, reserved 1128448K
  class space    used 9802K, capacity 11811K, committed 11816K, reserved 1048576K
GC Heap History (10 events):
Event: 163.340 GC heap before
{Heap before GC invocations=25 (full 3):
 PSYoungGen      total 1801216K, used 1771065K [0x0000000715700000, 0x0000000796b80000, 0x00000007c0000000)
  eden space 1771008K, 99% used [0x0000000715700000,0x00000007816fe5e0,0x0000000781880000)
  from space 30208K, 5% used [0x0000000781880000,0x0000000781a10000,0x0000000783600000)
  to   space 29184K, 0% used [0x0000000794f00000,0x0000000794f00000,0x0000000796b80000)
 ParOldGen       total 388096K, used 67314K [0x00000005c0400000, 0x00000005d7f00000, 0x0000000715700000)
  object space 388096K, 17% used [0x00000005c0400000,0x00000005c45bca40,0x00000005d7f00000)
 Metaspace       used 72206K, capacity 78688K, committed 78760K, reserved 1118208K
  class space    used 8477K, capacity 10099K, committed 10152K, reserved 1048576K
Event: 163.344 GC heap after
Heap after GC invocations=25 (full 3):
 PSYoungGen      total 2057216K, used 2464K [0x0000000715700000, 0x0000000795b00000, 0x00000007c0000000)
  eden space 2044928K, 0% used [0x0000000715700000,0x0000000715700000,0x0000000792400000)
  from space 12288K, 20% used [0x0000000794f00000,0x0000000795168000,0x0000000795b00000)
  to   space 28160K, 0% used [0x0000000792400000,0x0000000792400000,0x0000000793f80000)
 ParOldGen       total 388096K, used 67314K [0x00000005c0400000, 0x00000005d7f00000, 0x0000000715700000)
  object space 388096K, 17% used [0x00000005c0400000,0x00000005c45bca40,0x00000005d7f00000)
 Metaspace       used 72206K, capacity 78688K, committed 78760K, reserved 1118208K
  class space    used 8477K, capacity 10099K, committed 10152K, reserved 1048576K
}
Event: 164.003 GC heap before
{Heap before GC invocations=26 (full 3):
 PSYoungGen      total 2057216K, used 2047392K [0x0000000715700000, 0x0000000795b00000, 0x00000007c0000000)
  eden space 2044928K, 100% used [0x0000000715700000,0x0000000792400000,0x0000000792400000)
  from space 12288K, 20% used [0x0000000794f00000,0x0000000795168000,0x0000000795b00000)
  to   space 28160K, 0% used [0x0000000792400000,0x0000000792400000,0x0000000793f80000)
 ParOldGen       total 388096K, used 67314K [0x00000005c0400000, 0x00000005d7f00000, 0x0000000715700000)
  object space 388096K, 17% used [0x00000005c0400000,0x00000005c45bca40,0x00000005d7f00000)
 Metaspace       used 72206K, capacity 78688K, committed 78760K, reserved 1118208K
  class space    used 8477K, capacity 10099K, committed 10152K, reserved 1048576K
Event: 164.014 GC heap after
Heap after GC invocations=26 (full 3):
 PSYoungGen      total 2073088K, used 3552K [0x0000000715700000, 0x00000007a9780000, 0x00000007c0000000)
  eden space 2044928K, 0% used [0x0000000715700000,0x0000000715700000,0x0000000792400000)
  from space 28160K, 12% used [0x0000000792400000,0x0000000792778000,0x0000000793f80000)
  to   space 26624K, 0% used [0x00000007a7d80000,0x00000007a7d80000,0x00000007a9780000)
 ParOldGen       total 388096K, used 67314K [0x00000005c0400000, 0x00000005d7f00000, 0x0000000715700000)
  object space 388096K, 17% used [0x00000005c0400000,0x00000005c45bca40,0x00000005d7f00000)
 Metaspace       used 72206K, capacity 78688K, committed 78760K, reserved 1118208K
  class space    used 8477K, capacity 10099K, committed 10152K, reserved 1048576K
}
Event: 164.572 GC heap before
{Heap before GC invocations=27 (full 3):
 PSYoungGen      total 2073088K, used 2048480K [0x0000000715700000, 0x00000007a9780000, 0x00000007c0000000)
  eden space 2044928K, 100% used [0x0000000715700000,0x0000000792400000,0x0000000792400000)
  from space 28160K, 12% used [0x0000000792400000,0x0000000792778000,0x0000000793f80000)
  to   space 26624K, 0% used [0x00000007a7d80000,0x00000007a7d80000,0x00000007a9780000)
 ParOldGen       total 388096K, used 67314K [0x00000005c0400000, 0x00000005d7f00000, 0x0000000715700000)
  object space 388096K, 17% used [0x00000005c0400000,0x00000005c45bca40,0x00000005d7f00000)
 Metaspace       used 72206K, capacity 78688K, committed 78760K, reserved 1118208K
  class space    used 8477K, capacity 10099K, committed 10152K, reserved 1048576K
Event: 164.578 GC heap after
Heap after GC invocations=27 (full 3):
 PSYoungGen      total 2375168K, used 4992K [0x0000000715700000, 0x00000007a8a80000, 0x00000007c0000000)
  eden space 2361856K, 0% used [0x0000000715700000,0x0000000715700000,0x00000007a5980000)
  from space 13312K, 37% used [0x00000007a7d80000,0x00000007a8260000,0x00000007a8a80000)
  to   space 25088K, 0% used [0x00000007a5980000,0x00000007a5980000,0x00000007a7200000)
 ParOldGen       total 388096K, used 67314K [0x00000005c0400000, 0x00000005d7f00000, 0x0000000715700000)
  object space 388096K, 17% used [0x00000005c0400000,0x00000005c45bca40,0x00000005d7f00000)
 Metaspace       used 72206K, capacity 78688K, committed 78760K, reserved 1118208K
  class space    used 8477K, capacity 10099K, committed 10152K, reserved 1048576K
}
Event: 165.426 GC heap before
{Heap before GC invocations=28 (full 3):
 PSYoungGen      total 2375168K, used 2366848K [0x0000000715700000, 0x00000007a8a80000, 0x00000007c0000000)
  eden space 2361856K, 100% used [0x0000000715700000,0x00000007a5980000,0x00000007a5980000)
  from space 13312K, 37% used [0x00000007a7d80000,0x00000007a8260000,0x00000007a8a80000)
  to   space 25088K, 0% used [0x00000007a5980000,0x00000007a5980000,0x00000007a7200000)
 ParOldGen       total 388096K, used 67314K [0x00000005c0400000, 0x00000005d7f00000, 0x0000000715700000)
  object space 388096K, 17% used [0x00000005c0400000,0x00000005c45bca40,0x00000005d7f00000)
 Metaspace       used 72207K, capacity 78688K, committed 78760K, reserved 1118208K
  class space    used 8477K, capacity 10099K, committed 10152K, reserved 1048576K
Event: 165.435 GC heap after
Heap after GC invocations=28 (full 3):
 PSYoungGen      total 2386944K, used 6976K [0x0000000715700000, 0x00000007b8880000, 0x00000007c0000000)
  eden space 2361856K, 0% used [0x0000000715700000,0x0000000715700000,0x00000007a5980000)
  from space 25088K, 27% used [0x00000007a5980000,0x00000007a6050000,0x00000007a7200000)
  to   space 23552K, 0% used [0x00000007b7180000,0x00000007b7180000,0x00000007b8880000)
 ParOldGen       total 388096K, used 67314K [0x00000005c0400000, 0x00000005d7f00000, 0x0000000715700000)
  object space 388096K, 17% used [0x00000005c0400000,0x00000005c45bca40,0x00000005d7f00000)
 Metaspace       used 72207K, capacity 78688K, committed 78760K, reserved 1118208K
  class space    used 8477K, capacity 10099K, committed 10152K, reserved 1048576K
}
Event: 219.930 GC heap before
{Heap before GC invocations=29 (full 3):
 PSYoungGen      total 2386944K, used 2368832K [0x0000000715700000, 0x00000007b8880000, 0x00000007c0000000)
  eden space 2361856K, 100% used [0x0000000715700000,0x00000007a5980000,0x00000007a5980000)
  from space 25088K, 27% used [0x00000007a5980000,0x00000007a6050000,0x00000007a7200000)
  to   space 23552K, 0% used [0x00000007b7180000,0x00000007b7180000,0x00000007b8880000)
 ParOldGen       total 388096K, used 67314K [0x00000005c0400000, 0x00000005d7f00000, 0x0000000715700000)
  object space 388096K, 17% used [0x00000005c0400000,0x00000005c45bca40,0x00000005d7f00000)
 Metaspace       used 76212K, capacity 82920K, committed 82984K, reserved 1122304K
  class space    used 8885K, capacity 10528K, committed 10536K, reserved 1048576K
Event: 219.962 GC heap after
Heap after GC invocations=29 (full 3):
 PSYoungGen      total 2605568K, used 23541K [0x0000000715700000, 0x00000007b8880000, 0x00000007c0000000)
  eden space 2582016K, 0% used [0x0000000715700000,0x0000000715700000,0x00000007b3080000)
  from space 23552K, 99% used [0x00000007b7180000,0x00000007b887d658,0x00000007b8880000)
  to   space 29696K, 0% used [0x00000007b4e80000,0x00000007b4e80000,0x00000007b6b80000)
 ParOldGen       total 388096K, used 71537K [0x00000005c0400000, 0x00000005d7f00000, 0x0000000715700000)
  object space 388096K, 18% used [0x00000005c0400000,0x00000005c49dc6d8,0x00000005d7f00000)
 Metaspace       used 76212K, capacity 82920K, committed 82984K, reserved 1122304K
  class space    used 8885K, capacity 10528K, committed 10536K, reserved 1048576K
}

